<?xml version="1.0" encoding="UTF-8"?>
<testng-results skipped="0" failed="0" ignored="0" total="1" passed="1">
  <reporter-output>
  </reporter-output>
  <suite name="Surefire suite" duration-ms="246" started-at="2020-08-06T23:10:18 EDT" finished-at="2020-08-06T23:10:18 EDT">
    <groups>
    </groups>
    <test name="Surefire test" duration-ms="246" started-at="2020-08-06T23:10:18 EDT" finished-at="2020-08-06T23:10:18 EDT">
      <class name="org.example.AppTest">
        <test-method status="PASS" signature="shouldAnswerWithTrue()" name="shouldAnswerWithTrue" duration-ms="29" started-at="2020-08-06T23:10:18 EDT" finished-at="2020-08-06T23:10:18 EDT">
          <reporter-output>
          </reporter-output>
        </test-method> <!-- shouldAnswerWithTrue -->
      </class> <!-- org.example.AppTest -->
    </test> <!-- Surefire test -->
  </suite> <!-- Surefire suite -->
</testng-results>
